Runnning on host c6
Starting at Thu Jun 30 09:08:08 JST 2022
Running on hosts: c[6-9]
Running on 4 nodes.
Running 4 tasks.
Current working directory is /home/y-terans/workspace/nest-gpu/develop

              -- NEST GPU --

  Copyright (C) 2004 The NEST Initiative

 This program is provided AS IS and comes with
 NO WARRANTY. See the file LICENSE for details.

 Homepage: https://github.com/nest/nest-gpu


              -- NEST GPU --

  Copyright (C) 2004 The NEST Initiative

 This program is provided AS IS and comes with
 NO WARRANTY. See the file LICENSE for details.

 Homepage: https://github.com/nest/nest-gpu


              -- NEST GPU --

  Copyright (C) 2004 The NEST Initiative

 This program is provided AS IS and comes with
 NO WARRANTY. See the file LICENSE for details.

 Homepage: https://github.com/nest/nest-gpu


              -- NEST GPU --

  Copyright (C) 2004 The NEST Initiative

 This program is provided AS IS and comes with
 NO WARRANTY. See the file LICENSE for details.

 Homepage: https://github.com/nest/nest-gpu

mpi_np: 4
Building on host  2  ...
mpi_np: 4
Building on host  1  ...
mpi_np: 4
Building on host  0  ...
mpi_np: 4
Building on host  3  ...
ending
Time is Thu Jun 30 09:08:14 JST 2022
